<?xml version="1.0" encoding="UTF-8"?>
<!-- Generated by org.testng.reporters.JUnitReportReporter -->
<testsuite skipped="0" hostname="LAPTOP-GGQTNJJE" name="TestScripts.TestScript" tests="5" failures="0" timestamp="2023-03-16T10:19:15 IST" time="45.148" errors="0">
  <testcase name="loginTest" time="7.368" classname="TestScripts.TestScript"/>
  <system-out/>
  <testcase name="ClickItems" time="9.333" classname="TestScripts.TestScript"/>
  <system-out/>
  <testcase name="ClickItems" time="10.656" classname="TestScripts.TestScript"/>
  <system-out/>
  <testcase name="RemoveItem" time="4.110" classname="TestScripts.TestScript"/>
  <system-out/>
  <testcase name="PlaceOrder" time="13.681" classname="TestScripts.TestScript"/>
  <system-out/>
</testsuite> <!-- TestScripts.TestScript -->
